        -:    0:Source:/home/runner/work/TheDrumGizmoExp/TheDrumGizmoExp/src/audiocacheeventhandler.cc
        -:    0:Graph:build-cov/test/CMakeFiles/audiocacheeventhandler.dir/__/src/audiocacheeventhandler.cc.gcno
        -:    0:Data:build-cov/test/CMakeFiles/audiocacheeventhandler.dir/__/src/audiocacheeventhandler.cc.gcda
        -:    0:Runs:1
        -:    1:/* -*- Mode: C++; tab-width: 2; indent-tabs-mode: nil; c-basic-offset: 2 -*- */
        -:    2:/***************************************************************************
        -:    3: *            audiocacheeventhandler.cc
        -:    4: *
        -:    5: *  Sun Jan  3 19:57:55 CET 2016
        -:    6: *  Copyright 2016 Bent Bisballe Nyeng
        -:    7: *  deva@aasimon.org
        -:    8: ****************************************************************************/
        -:    9:
        -:   10:/*
        -:   11: *  This file is part of DrumGizmo.
        -:   12: *
        -:   13: *  DrumGizmo is free software; you can redistribute it and/or modify
        -:   14: *  it under the terms of the GNU Lesser General Public License as published by
        -:   15: *  the Free Software Foundation; either version 3 of the License, or
        -:   16: *  (at your option) any later version.
        -:   17: *
        -:   18: *  DrumGizmo is distributed in the hope that it will be useful,
        -:   19: *  but WITHOUT ANY WARRANTY; without even the implied warranty of
        -:   20: *  MERCHANTABILITY or FITNESS FOR A PARTICULAR PURPOSE.  See the
        -:   21: *  GNU Lesser General Public License for more details.
        -:   22: *
        -:   23: *  You should have received a copy of the GNU Lesser General Public License
        -:   24: *  along with DrumGizmo; if not, write to the Free Software
        -:   25: *  Foundation, Inc., 59 Temple Place, Suite 330, Boston, MA  02111-1307  USA.
        -:   26: */
        -:   27:#include "audiocacheeventhandler.h"
        -:   28:
        -:   29:#include <assert.h>
        -:   30:
        -:   31:#include <hugin.hpp>
        -:   32:
        -:   33:#include "audiocachefile.h"
        -:   34:#include "audiocache.h"
        -:   35:#include "audiocacheidmanager.h"
        -:   36:
        -:   37:enum class EventType {
        -:   38:	LoadNext,
        -:   39:	Close,
        -:   40:};
        -:   41:
        -:   42:class CacheEvent {
        -:   43:public:
        -:   44:	EventType event_type;
        -:   45:
        -:   46:	// For close event:
        -:   47:	cacheid_t id;
        -:   48:
        -:   49:	// For load next event:
        -:   50:	size_t pos;
        -:   51:	AudioCacheFile* afile;
        -:   52:	CacheChannels channels;
        -:   53:};
        -:   54:
function _ZN22AudioCacheEventHandlerC2ER19AudioCacheIDManager called 8 returned 100% blocks executed 56%
        8:   55:AudioCacheEventHandler::AudioCacheEventHandler(AudioCacheIDManager& id_manager)
        8:   56:	: id_manager(id_manager)
call    0 returned 8
call    1 returned 8
call    2 returned 8
call    3 returned 8
call    4 returned 8
call    5 returned 8
branch  6 taken 8 (fallthrough)
branch  7 taken 0 (throw)
call    8 returned 8
branch  9 taken 8 (fallthrough)
branch 10 taken 0 (throw)
        -:   57:{
        8:   58:}
call    0 never executed
call    1 never executed
call    2 never executed
call    3 never executed
        -:   59:
       8*:   60:AudioCacheEventHandler::~AudioCacheEventHandler()
        -:   61:{
        -:   62:	// Close all ids already enqueued to be closed.
        8:   63:	clearEvents();
        -:   64:
        8:   65:	auto active_ids = id_manager.getActiveIDs();
       12:   66:	for(auto id : active_ids)
        -:   67:	{
        4:   68:		handleCloseCache(id);
        -:   69:	}
       8*:   70:}
------------------
_ZN22AudioCacheEventHandlerD0Ev:
function _ZN22AudioCacheEventHandlerD0Ev called 0 returned 0% blocks executed 0%
    #####:   60:AudioCacheEventHandler::~AudioCacheEventHandler()
        -:   61:{
        -:   62:	// Close all ids already enqueued to be closed.
        -:   63:	clearEvents();
        -:   64:
        -:   65:	auto active_ids = id_manager.getActiveIDs();
        -:   66:	for(auto id : active_ids)
        -:   67:	{
        -:   68:		handleCloseCache(id);
        -:   69:	}
    #####:   70:}
call    0 never executed
call    1 never executed
------------------
_ZN22AudioCacheEventHandlerD2Ev:
function _ZN22AudioCacheEventHandlerD2Ev called 8 returned 100% blocks executed 100%
        8:   60:AudioCacheEventHandler::~AudioCacheEventHandler()
        -:   61:{
        -:   62:	// Close all ids already enqueued to be closed.
        8:   63:	clearEvents();
call    0 returned 8
        -:   64:
        8:   65:	auto active_ids = id_manager.getActiveIDs();
call    0 returned 8
       12:   66:	for(auto id : active_ids)
call    0 returned 8
call    1 returned 8
call    2 returned 4
call    3 returned 4
call    4 returned 12
branch  5 taken 4
branch  6 taken 8 (fallthrough)
        -:   67:	{
        4:   68:		handleCloseCache(id);
call    0 returned 4
        -:   69:	}
        8:   70:}
call    0 returned 8
call    1 returned 8
call    2 returned 8
call    3 returned 8
call    4 returned 8
call    5 returned 8
------------------
        -:   71:
function _ZN22AudioCacheEventHandler5startEv called 1 returned 100% blocks executed 80%
        1:   72:void AudioCacheEventHandler::start()
        -:   73:{
        1:   74:	if(running)
branch  0 taken 0 (fallthrough)
branch  1 taken 1
        -:   75:	{
    #####:   76:		return;
        -:   77:	}
        -:   78:
        1:   79:	running = true;
        1:   80:	run();
call    0 returned 1
        1:   81:	sem_run.wait();
call    0 returned 1
        -:   82:}
        -:   83:
function _ZN22AudioCacheEventHandler4stopEv called 1 returned 100% blocks executed 80%
        1:   84:void AudioCacheEventHandler::stop()
        -:   85:{
        1:   86:	if(!running)
branch  0 taken 0 (fallthrough)
branch  1 taken 1
        -:   87:	{
    #####:   88:		return;
        -:   89:	}
        -:   90:
        1:   91:	running = false;
        -:   92:
        1:   93:	sem.post();
call    0 returned 1
        1:   94:	wait_stop();
call    0 returned 1
        -:   95:}
        -:   96:
function _ZN22AudioCacheEventHandler11setThreadedEb called 3 returned 100% blocks executed 100%
        3:   97:void AudioCacheEventHandler::setThreaded(bool threaded)
        -:   98:{
        3:   99:	this->threaded.store(threaded);
call    0 returned 3
        3:  100:}
        -:  101:
function _ZNK22AudioCacheEventHandler10isThreadedEv called 5 returned 100% blocks executed 100%
        5:  102:bool AudioCacheEventHandler::isThreaded() const
        -:  103:{
        5:  104:	return threaded.load();
call    0 returned 5
        -:  105:}
        -:  106:
function _ZN22AudioCacheEventHandler4lockEv called 0 returned 0% blocks executed 0%
    #####:  107:void AudioCacheEventHandler::lock()
        -:  108:{
    #####:  109:	mutex.lock();
call    0 never executed
    #####:  110:}
        -:  111:
function _ZN22AudioCacheEventHandler6unlockEv called 0 returned 0% blocks executed 0%
    #####:  112:void AudioCacheEventHandler::unlock()
        -:  113:{
    #####:  114:	mutex.unlock();
call    0 never executed
    #####:  115:}
        -:  116:
function _ZN22AudioCacheEventHandler17pushLoadNextEventEP14AudioCacheFilemmPfPVb called 3 returned 100% blocks executed 67%
        3:  117:void AudioCacheEventHandler::pushLoadNextEvent(AudioCacheFile* afile,
        -:  118:                                               size_t channel,
        -:  119:                                               size_t pos, sample_t* buffer,
        -:  120:                                               volatile bool* ready)
        -:  121:{
        3:  122:	CacheEvent cache_event;
call    0 returned 3
        3:  123:	cache_event.event_type = EventType::LoadNext;
        3:  124:	cache_event.pos = pos;
        3:  125:	cache_event.afile = afile;
        -:  126:
        -:  127:	CacheChannel c;
        3:  128:	c.channel = channel;
        3:  129:	c.samples = buffer;
        -:  130:
        3:  131:	*ready = false;
        3:  132:	c.ready = ready;
        -:  133:
        3:  134:	cache_event.channels.insert(cache_event.channels.end(), c);
call    0 returned 3
call    1 returned 3
call    2 returned 3
branch  3 taken 3 (fallthrough)
branch  4 taken 0 (throw)
        -:  135:
        3:  136:	pushEvent(cache_event);
call    0 returned 3
branch  1 taken 3 (fallthrough)
branch  2 taken 0 (throw)
        3:  137:}
call    0 returned 3
call    1 never executed
        -:  138:
function _ZN22AudioCacheEventHandler14pushCloseEventEi called 1 returned 100% blocks executed 71%
        1:  139:void AudioCacheEventHandler::pushCloseEvent(cacheid_t id)
        -:  140:{
        1:  141:	CacheEvent cache_event;
call    0 returned 1
        1:  142:	cache_event.event_type = EventType::Close;
        1:  143:	cache_event.id = id;
        -:  144:
        1:  145:	pushEvent(cache_event);
call    0 returned 1
branch  1 taken 1 (fallthrough)
branch  2 taken 0 (throw)
        1:  146:}
call    0 returned 1
call    1 never executed
        -:  147:
function _ZN22AudioCacheEventHandler12setChunkSizeEm called 5 returned 100% blocks executed 100%
        5:  148:void AudioCacheEventHandler::setChunkSize(size_t chunksize)
        -:  149:{
        -:  150:	DEBUG(cache, "%s\n", __PRETTY_FUNCTION__);
        -:  151:
        -:  152:	// We should already locked when this method is called.
        -:  153:	//assert(!mutex.try_lock());
        -:  154:
        5:  155:	if(this->chunksize == chunksize)
branch  0 taken 1 (fallthrough)
branch  1 taken 4
        -:  156:	{
        1:  157:		return;
        -:  158:	}
        -:  159:
        -:  160:	DEBUG(cache, "setChunkSize 1\n");
        -:  161:
        -:  162:	// Remove all events from event queue.
        4:  163:	clearEvents();
call    0 returned 4
        -:  164:
        -:  165:	DEBUG(cache, "setChunkSize 2\n");
        -:  166:
        -:  167:	// Skip all active cacheids and make their buffers point at nodata.
        4:  168:	id_manager.disableActive();
call    0 returned 4
        -:  169:
        -:  170:	DEBUG(cache, "setChunkSize 3\n");
        -:  171:
        4:  172:	this->chunksize = chunksize;
        -:  173:}
        -:  174:
function _ZNK22AudioCacheEventHandler12getChunkSizeEv called 4 returned 100% blocks executed 100%
        4:  175:size_t AudioCacheEventHandler::getChunkSize() const
        -:  176:{
        4:  177:	return chunksize;
        -:  178:}
        -:  179:
function _ZN22AudioCacheEventHandler8openFileERKNSt7__cxx1112basic_stringIcSt11char_traitsIcESaIcEEE called 2 returned 100% blocks executed 78%
        2:  180:AudioCacheFile& AudioCacheEventHandler::openFile(const std::string& filename)
        -:  181:{
        2:  182:	std::lock_guard<std::mutex> lock(mutex);
call    0 returned 2
branch  1 taken 2 (fallthrough)
branch  2 taken 0 (throw)
        4:  183:	return files.getFile(filename);
call    0 returned 2
branch  1 taken 2 (fallthrough)
branch  2 taken 0 (throw)
        2:  184:}
call    0 returned 2
call    1 never executed
        -:  185:
function _ZN22AudioCacheEventHandler11clearEventsEv called 12 returned 100% blocks executed 64%
       12:  186:void AudioCacheEventHandler::clearEvents()
        -:  187:{
        -:  188:	// Iterate all events ignoring load events and handling close events.
      12*:  189:	for(auto& event : eventqueue)
call    0 returned 12
call    1 returned 12
call    2 never executed
call    3 never executed
call    4 returned 12
branch  5 taken 0
branch  6 taken 12 (fallthrough)
        -:  190:	{
    #####:  191:		if(event.event_type == EventType::Close)
branch  0 never executed (fallthrough)
branch  1 never executed
        -:  192:		{
    #####:  193:			handleCloseCache(event.id); // This method does not lock.
call    0 never executed
branch  1 never executed (fallthrough)
branch  2 never executed (throw)
        -:  194:		}
        -:  195:	}
        -:  196:
       12:  197:	eventqueue.clear();
call    0 returned 12
       12:  198:}
        -:  199:
function _ZN22AudioCacheEventHandler19handleLoadNextEventER10CacheEvent called 2 returned 100% blocks executed 75%
        2:  200:void AudioCacheEventHandler::handleLoadNextEvent(CacheEvent& cache_event)
        -:  201:{
       2*:  202:	assert(cache_event.afile); // Assert that we have an audio file
branch  0 taken 0 (fallthrough)
branch  1 taken 2
call    2 never executed
        -:  203:
        2:  204:	cache_event.afile->readChunk(cache_event.channels, cache_event.pos,
call    0 returned 2
        -:  205:	                             chunksize);
        2:  206:}
        -:  207:
function _ZN22AudioCacheEventHandler16handleCloseEventER10CacheEvent called 1 returned 100% blocks executed 71%
        1:  208:void AudioCacheEventHandler::handleCloseEvent(CacheEvent& cache_event)
        -:  209:{
        1:  210:	std::lock_guard<std::mutex> lock(mutex);
call    0 returned 1
branch  1 taken 1 (fallthrough)
branch  2 taken 0 (throw)
        1:  211:	handleCloseCache(cache_event.id);
call    0 returned 1
branch  1 taken 1 (fallthrough)
branch  2 taken 0 (throw)
        1:  212:}
call    0 returned 1
call    1 never executed
        -:  213:
function _ZN22AudioCacheEventHandler16handleCloseCacheEi called 5 returned 100% blocks executed 60%
        5:  214:void AudioCacheEventHandler::handleCloseCache(cacheid_t id)
        -:  215:{
        5:  216:	auto& cache = id_manager.getCache(id);
call    0 returned 5
        -:  217:
        -:  218:	// Only close the file if we have also opened it.
        5:  219:	if(cache.afile)
branch  0 taken 0 (fallthrough)
branch  1 taken 5
        -:  220:	{
    #####:  221:		files.releaseFile(cache.afile->getFilename());
call    0 never executed
call    1 never executed
        -:  222:	}
        -:  223:
       5*:  224:	delete[] cache.front;
branch  0 taken 0 (fallthrough)
branch  1 taken 5
call    2 never executed
       5*:  225:	delete[] cache.back;
branch  0 taken 0 (fallthrough)
branch  1 taken 5
call    2 never executed
        -:  226:
        5:  227:	id_manager.releaseID(id);
call    0 returned 5
        5:  228:}
        -:  229:
function _ZN22AudioCacheEventHandler11handleEventER10CacheEvent called 3 returned 100% blocks executed 100%
        3:  230:void AudioCacheEventHandler::handleEvent(CacheEvent& cache_event)
        -:  231:{
        3:  232:	switch(cache_event.event_type)
branch  0 taken 2
branch  1 taken 1
branch  2 taken 0
        -:  233:	{
        2:  234:	case EventType::LoadNext:
        2:  235:		handleLoadNextEvent(cache_event);
call    0 returned 2
        2:  236:		break;
        1:  237:	case EventType::Close:
        1:  238:		handleCloseEvent(cache_event);
call    0 returned 1
        1:  239:		break;
        -:  240:	}
        3:  241:}
        -:  242:
function _ZN22AudioCacheEventHandler11thread_mainEv called 1 returned 100% blocks executed 90%
        1:  243:void AudioCacheEventHandler::thread_main()
        -:  244:{
        1:  245:	sem_run.post(); // Signal that the thread has been started
call    0 returned 1
        -:  246:
        4:  247:	while(running)
branch  0 taken 3
branch  1 taken 1 (fallthrough)
        -:  248:	{
        3:  249:		sem.wait();
call    0 returned 3
branch  1 taken 3 (fallthrough)
branch  2 taken 0 (throw)
        -:  250:
        3:  251:		mutex.lock();
call    0 returned 3
branch  1 taken 3 (fallthrough)
branch  2 taken 0 (throw)
        3:  252:		if(eventqueue.empty())
call    0 returned 3
branch  1 taken 2 (fallthrough)
branch  2 taken 1
        -:  253:		{
        2:  254:			mutex.unlock();
call    0 returned 2
        2:  255:			continue;
        -:  256:		}
        -:  257:
        1:  258:		CacheEvent cache_event = eventqueue.front();
call    0 returned 1
call    1 returned 1
branch  2 taken 1 (fallthrough)
branch  3 taken 0 (throw)
        1:  259:		eventqueue.pop_front();
call    0 returned 1
        1:  260:		mutex.unlock();
call    0 returned 1
        -:  261:
        1:  262:		handleEvent(cache_event);
call    0 returned 1
branch  1 taken 1 (fallthrough)
branch  2 taken 0 (throw)
        1:  263:	}
call    0 returned 1
call    1 never executed
        1:  264:}
        -:  265:
function _ZN22AudioCacheEventHandler9pushEventER10CacheEvent called 4 returned 100% blocks executed 79%
        4:  266:void AudioCacheEventHandler::pushEvent(CacheEvent& cache_event)
        -:  267:{
        4:  268:	if(!threaded.load())
call    0 returned 4
branch  1 taken 2 (fallthrough)
branch  2 taken 2
        -:  269:	{
        2:  270:		handleEvent(cache_event);
call    0 returned 2
        2:  271:		return;
        -:  272:	}
        -:  273:
        -:  274:	{
        2:  275:		std::lock_guard<std::mutex> lock(mutex);
call    0 returned 2
branch  1 taken 2 (fallthrough)
branch  2 taken 0 (throw)
        -:  276:
        2:  277:		bool found = false;
        -:  278:
        2:  279:		if(cache_event.event_type == EventType::LoadNext)
branch  0 taken 2 (fallthrough)
branch  1 taken 0
        -:  280:		{
       2*:  281:			for(auto& queued_event : eventqueue)
call    0 returned 2
call    1 returned 2
call    2 returned 1
call    3 never executed
call    4 returned 2
branch  5 taken 1
branch  6 taken 1 (fallthrough)
        -:  282:			{
        1:  283:				if(queued_event.event_type == EventType::LoadNext)
branch  0 taken 1 (fallthrough)
branch  1 taken 0
        -:  284:				{
        -:  285:
       1*:  286:					assert(cache_event.afile); // Assert that we have an audio file
branch  0 taken 0 (fallthrough)
branch  1 taken 1
call    2 never executed
       1*:  287:					assert(queued_event.afile); // Assert that we have an audio file
branch  0 taken 0 (fallthrough)
branch  1 taken 1
call    2 never executed
        -:  288:
        1:  289:					if((cache_event.afile->getFilename() ==
call    0 returned 1
       3*:  290:					    queued_event.afile->getFilename()) &&
call    0 returned 1
branch  1 taken 1 (fallthrough)
branch  2 taken 0 (throw)
call    3 returned 1
branch  4 taken 1 (fallthrough)
branch  5 taken 0 (throw)
branch  6 taken 1 (fallthrough)
branch  7 taken 0
branch  8 taken 1 (fallthrough)
branch  9 taken 0
        1:  291:					   (cache_event.pos == queued_event.pos))
branch  0 taken 1 (fallthrough)
branch  1 taken 0
        -:  292:					{
        -:  293:						// Append channel and buffer to the existing event.
        1:  294:						queued_event.channels.insert(queued_event.channels.end(),
call    0 returned 1
call    1 returned 1
call    2 returned 1
call    3 returned 1
call    4 returned 1
branch  5 taken 1 (fallthrough)
branch  6 taken 0 (throw)
        -:  295:						                             cache_event.channels.begin(),
        -:  296:						                             cache_event.channels.end());
        1:  297:						found = true;
        1:  298:						break;
        -:  299:					}
        -:  300:				}
        -:  301:			}
        -:  302:		}
        -:  303:
        2:  304:		if(!found)
branch  0 taken 1 (fallthrough)
branch  1 taken 1
        -:  305:		{
        -:  306:			// The event was not already on the list, create a new one.
        1:  307:			eventqueue.push_back(cache_event);
call    0 returned 1
branch  1 taken 1 (fallthrough)
branch  2 taken 0 (throw)
        -:  308:		}
        2:  309:	}
call    0 returned 2
call    1 never executed
        -:  310:
        2:  311:	sem.post();
call    0 returned 2
        -:  312:}
