        -:    0:Source:/home/runner/work/TheDrumGizmoExp/TheDrumGizmoExp/src/audiocacheeventhandler.cc
        -:    0:Graph:build-coverage/test/CMakeFiles/audiocache.dir/__/src/audiocacheeventhandler.cc.gcno
        -:    0:Data:build-coverage/test/CMakeFiles/audiocache.dir/__/src/audiocacheeventhandler.cc.gcda
        -:    0:Runs:1
        -:    1:/* -*- Mode: C++; tab-width: 2; indent-tabs-mode: nil; c-basic-offset: 2 -*- */
        -:    2:/***************************************************************************
        -:    3: *            audiocacheeventhandler.cc
        -:    4: *
        -:    5: *  Sun Jan  3 19:57:55 CET 2016
        -:    6: *  Copyright 2016 Bent Bisballe Nyeng
        -:    7: *  deva@aasimon.org
        -:    8: ****************************************************************************/
        -:    9:
        -:   10:/*
        -:   11: *  This file is part of DrumGizmo.
        -:   12: *
        -:   13: *  DrumGizmo is free software; you can redistribute it and/or modify
        -:   14: *  it under the terms of the GNU Lesser General Public License as published by
        -:   15: *  the Free Software Foundation; either version 3 of the License, or
        -:   16: *  (at your option) any later version.
        -:   17: *
        -:   18: *  DrumGizmo is distributed in the hope that it will be useful,
        -:   19: *  but WITHOUT ANY WARRANTY; without even the implied warranty of
        -:   20: *  MERCHANTABILITY or FITNESS FOR A PARTICULAR PURPOSE.  See the
        -:   21: *  GNU Lesser General Public License for more details.
        -:   22: *
        -:   23: *  You should have received a copy of the GNU Lesser General Public License
        -:   24: *  along with DrumGizmo; if not, write to the Free Software
        -:   25: *  Foundation, Inc., 59 Temple Place, Suite 330, Boston, MA  02111-1307  USA.
        -:   26: */
        -:   27:#include "audiocacheeventhandler.h"
        -:   28:
        -:   29:#include <assert.h>
        -:   30:
        -:   31:#include <hugin.hpp>
        -:   32:
        -:   33:#include "audiocachefile.h"
        -:   34:#include "audiocache.h"
        -:   35:#include "audiocacheidmanager.h"
        -:   36:
        -:   37:enum class EventType {
        -:   38:	LoadNext,
        -:   39:	Close,
        -:   40:};
        -:   41:
        -:   42:class CacheEvent {
        -:   43:public:
        -:   44:	EventType event_type;
        -:   45:
        -:   46:	// For close event:
        -:   47:	cacheid_t id;
        -:   48:
        -:   49:	// For load next event:
        -:   50:	size_t pos;
        -:   51:	AudioCacheFile* afile;
        -:   52:	CacheChannels channels;
        -:   53:};
        -:   54:
function _ZN22AudioCacheEventHandlerC2ER19AudioCacheIDManager called 10 returned 100% blocks executed 56%
       10:   55:AudioCacheEventHandler::AudioCacheEventHandler(AudioCacheIDManager& id_manager)
       10:   56:	: id_manager(id_manager)
call    0 returned 10
call    1 returned 10
call    2 returned 10
call    3 returned 10
call    4 returned 10
call    5 returned 10
branch  6 taken 10 (fallthrough)
branch  7 taken 0 (throw)
call    8 returned 10
branch  9 taken 10 (fallthrough)
branch 10 taken 0 (throw)
        -:   57:{
       10:   58:}
call    0 never executed
call    1 never executed
call    2 never executed
call    3 never executed
        -:   59:
      10*:   60:AudioCacheEventHandler::~AudioCacheEventHandler()
        -:   61:{
        -:   62:	// Close all ids already enqueued to be closed.
       10:   63:	clearEvents();
        -:   64:
       10:   65:	auto active_ids = id_manager.getActiveIDs();
      10*:   66:	for(auto id : active_ids)
        -:   67:	{
    #####:   68:		handleCloseCache(id);
        -:   69:	}
      10*:   70:}
------------------
_ZN22AudioCacheEventHandlerD0Ev:
function _ZN22AudioCacheEventHandlerD0Ev called 0 returned 0% blocks executed 0%
    #####:   60:AudioCacheEventHandler::~AudioCacheEventHandler()
        -:   61:{
        -:   62:	// Close all ids already enqueued to be closed.
        -:   63:	clearEvents();
        -:   64:
        -:   65:	auto active_ids = id_manager.getActiveIDs();
        -:   66:	for(auto id : active_ids)
        -:   67:	{
        -:   68:		handleCloseCache(id);
        -:   69:	}
    #####:   70:}
call    0 never executed
call    1 never executed
------------------
_ZN22AudioCacheEventHandlerD2Ev:
function _ZN22AudioCacheEventHandlerD2Ev called 10 returned 100% blocks executed 81%
       10:   60:AudioCacheEventHandler::~AudioCacheEventHandler()
        -:   61:{
        -:   62:	// Close all ids already enqueued to be closed.
       10:   63:	clearEvents();
call    0 returned 10
        -:   64:
       10:   65:	auto active_ids = id_manager.getActiveIDs();
call    0 returned 10
      10*:   66:	for(auto id : active_ids)
call    0 returned 10
call    1 returned 10
call    2 never executed
call    3 never executed
call    4 returned 10
branch  5 taken 0
branch  6 taken 10 (fallthrough)
        -:   67:	{
    #####:   68:		handleCloseCache(id);
call    0 never executed
        -:   69:	}
       10:   70:}
call    0 returned 10
call    1 returned 10
call    2 returned 10
call    3 returned 10
call    4 returned 10
call    5 returned 10
------------------
        -:   71:
function _ZN22AudioCacheEventHandler5startEv called 10 returned 100% blocks executed 80%
       10:   72:void AudioCacheEventHandler::start()
        -:   73:{
       10:   74:	if(running)
branch  0 taken 0 (fallthrough)
branch  1 taken 10
        -:   75:	{
    #####:   76:		return;
        -:   77:	}
        -:   78:
       10:   79:	running = true;
       10:   80:	run();
call    0 returned 10
       10:   81:	sem_run.wait();
call    0 returned 10
        -:   82:}
        -:   83:
function _ZN22AudioCacheEventHandler4stopEv called 12 returned 100% blocks executed 100%
       12:   84:void AudioCacheEventHandler::stop()
        -:   85:{
       12:   86:	if(!running)
branch  0 taken 2 (fallthrough)
branch  1 taken 10
        -:   87:	{
        2:   88:		return;
        -:   89:	}
        -:   90:
       10:   91:	running = false;
        -:   92:
       10:   93:	sem.post();
call    0 returned 10
       10:   94:	wait_stop();
call    0 returned 10
        -:   95:}
        -:   96:
function _ZN22AudioCacheEventHandler11setThreadedEb called 20 returned 100% blocks executed 100%
       20:   97:void AudioCacheEventHandler::setThreaded(bool threaded)
        -:   98:{
       20:   99:	this->threaded.store(threaded);
call    0 returned 20
       20:  100:}
        -:  101:
function _ZNK22AudioCacheEventHandler10isThreadedEv called 0 returned 0% blocks executed 0%
    #####:  102:bool AudioCacheEventHandler::isThreaded() const
        -:  103:{
    #####:  104:	return threaded.load();
call    0 never executed
        -:  105:}
        -:  106:
function _ZN22AudioCacheEventHandler4lockEv called 10 returned 100% blocks executed 100%
       10:  107:void AudioCacheEventHandler::lock()
        -:  108:{
       10:  109:	mutex.lock();
call    0 returned 10
       10:  110:}
        -:  111:
function _ZN22AudioCacheEventHandler6unlockEv called 10 returned 100% blocks executed 100%
       10:  112:void AudioCacheEventHandler::unlock()
        -:  113:{
       10:  114:	mutex.unlock();
call    0 returned 10
       10:  115:}
        -:  116:
function _ZN22AudioCacheEventHandler17pushLoadNextEventEP14AudioCacheFilemmPfPVb called 7542 returned 100% blocks executed 67%
     7542:  117:void AudioCacheEventHandler::pushLoadNextEvent(AudioCacheFile* afile,
        -:  118:                                               size_t channel,
        -:  119:                                               size_t pos, sample_t* buffer,
        -:  120:                                               volatile bool* ready)
        -:  121:{
     7542:  122:	CacheEvent cache_event;
call    0 returned 7542
     7542:  123:	cache_event.event_type = EventType::LoadNext;
     7542:  124:	cache_event.pos = pos;
     7542:  125:	cache_event.afile = afile;
        -:  126:
        -:  127:	CacheChannel c;
     7542:  128:	c.channel = channel;
     7542:  129:	c.samples = buffer;
        -:  130:
     7542:  131:	*ready = false;
     7542:  132:	c.ready = ready;
        -:  133:
     7542:  134:	cache_event.channels.insert(cache_event.channels.end(), c);
call    0 returned 7542
call    1 returned 7542
call    2 returned 7542
branch  3 taken 7542 (fallthrough)
branch  4 taken 0 (throw)
        -:  135:
     7542:  136:	pushEvent(cache_event);
call    0 returned 7542
branch  1 taken 7542 (fallthrough)
branch  2 taken 0 (throw)
     7542:  137:}
call    0 returned 7542
call    1 never executed
        -:  138:
function _ZN22AudioCacheEventHandler14pushCloseEventEi called 522 returned 100% blocks executed 71%
      522:  139:void AudioCacheEventHandler::pushCloseEvent(cacheid_t id)
        -:  140:{
      522:  141:	CacheEvent cache_event;
call    0 returned 522
      522:  142:	cache_event.event_type = EventType::Close;
      522:  143:	cache_event.id = id;
        -:  144:
      522:  145:	pushEvent(cache_event);
call    0 returned 522
branch  1 taken 522 (fallthrough)
branch  2 taken 0 (throw)
      522:  146:}
call    0 returned 522
call    1 never executed
        -:  147:
function _ZN22AudioCacheEventHandler12setChunkSizeEm called 11 returned 100% blocks executed 83%
       11:  148:void AudioCacheEventHandler::setChunkSize(size_t chunksize)
        -:  149:{
        -:  150:	DEBUG(cache, "%s\n", __PRETTY_FUNCTION__);
        -:  151:
        -:  152:	// We should already locked when this method is called.
        -:  153:	//assert(!mutex.try_lock());
        -:  154:
       11:  155:	if(this->chunksize == chunksize)
branch  0 taken 0 (fallthrough)
branch  1 taken 11
        -:  156:	{
    #####:  157:		return;
        -:  158:	}
        -:  159:
        -:  160:	DEBUG(cache, "setChunkSize 1\n");
        -:  161:
        -:  162:	// Remove all events from event queue.
       11:  163:	clearEvents();
call    0 returned 11
        -:  164:
        -:  165:	DEBUG(cache, "setChunkSize 2\n");
        -:  166:
        -:  167:	// Skip all active cacheids and make their buffers point at nodata.
       11:  168:	id_manager.disableActive();
call    0 returned 11
        -:  169:
        -:  170:	DEBUG(cache, "setChunkSize 3\n");
        -:  171:
       11:  172:	this->chunksize = chunksize;
        -:  173:}
        -:  174:
function _ZNK22AudioCacheEventHandler12getChunkSizeEv called 0 returned 0% blocks executed 0%
    #####:  175:size_t AudioCacheEventHandler::getChunkSize() const
        -:  176:{
    #####:  177:	return chunksize;
        -:  178:}
        -:  179:
function _ZN22AudioCacheEventHandler8openFileERKNSt7__cxx1112basic_stringIcSt11char_traitsIcESaIcEEE called 522 returned 100% blocks executed 78%
      522:  180:AudioCacheFile& AudioCacheEventHandler::openFile(const std::string& filename)
        -:  181:{
      522:  182:	std::lock_guard<std::mutex> lock(mutex);
call    0 returned 522
branch  1 taken 522 (fallthrough)
branch  2 taken 0 (throw)
     1044:  183:	return files.getFile(filename);
call    0 returned 522
branch  1 taken 522 (fallthrough)
branch  2 taken 0 (throw)
      522:  184:}
call    0 returned 522
call    1 never executed
        -:  185:
function _ZN22AudioCacheEventHandler11clearEventsEv called 21 returned 100% blocks executed 100%
       21:  186:void AudioCacheEventHandler::clearEvents()
        -:  187:{
        -:  188:	// Iterate all events ignoring load events and handling close events.
       25:  189:	for(auto& event : eventqueue)
call    0 returned 21
call    1 returned 21
call    2 returned 4
call    3 returned 4
call    4 returned 25
branch  5 taken 4
branch  6 taken 21 (fallthrough)
        -:  190:	{
        4:  191:		if(event.event_type == EventType::Close)
branch  0 taken 2 (fallthrough)
branch  1 taken 2
        -:  192:		{
        2:  193:			handleCloseCache(event.id); // This method does not lock.
call    0 returned 2
branch  1 taken 2 (fallthrough)
branch  2 taken 0 (throw)
        -:  194:		}
        -:  195:	}
        -:  196:
       21:  197:	eventqueue.clear();
call    0 returned 21
       21:  198:}
        -:  199:
function _ZN22AudioCacheEventHandler19handleLoadNextEventER10CacheEvent called 7540 returned 100% blocks executed 75%
     7540:  200:void AudioCacheEventHandler::handleLoadNextEvent(CacheEvent& cache_event)
        -:  201:{
    7540*:  202:	assert(cache_event.afile); // Assert that we have an audio file
branch  0 taken 0 (fallthrough)
branch  1 taken 7540
call    2 never executed
        -:  203:
     7540:  204:	cache_event.afile->readChunk(cache_event.channels, cache_event.pos,
call    0 returned 7540
        -:  205:	                             chunksize);
     7540:  206:}
        -:  207:
function _ZN22AudioCacheEventHandler16handleCloseEventER10CacheEvent called 520 returned 100% blocks executed 71%
      520:  208:void AudioCacheEventHandler::handleCloseEvent(CacheEvent& cache_event)
        -:  209:{
      520:  210:	std::lock_guard<std::mutex> lock(mutex);
call    0 returned 520
branch  1 taken 520 (fallthrough)
branch  2 taken 0 (throw)
      520:  211:	handleCloseCache(cache_event.id);
call    0 returned 520
branch  1 taken 520 (fallthrough)
branch  2 taken 0 (throw)
      520:  212:}
call    0 returned 520
call    1 never executed
        -:  213:
function _ZN22AudioCacheEventHandler16handleCloseCacheEi called 522 returned 100% blocks executed 100%
      522:  214:void AudioCacheEventHandler::handleCloseCache(cacheid_t id)
        -:  215:{
      522:  216:	auto& cache = id_manager.getCache(id);
call    0 returned 522
        -:  217:
        -:  218:	// Only close the file if we have also opened it.
      522:  219:	if(cache.afile)
branch  0 taken 522 (fallthrough)
branch  1 taken 0
        -:  220:	{
      522:  221:		files.releaseFile(cache.afile->getFilename());
call    0 returned 522
call    1 returned 522
        -:  222:	}
        -:  223:
      522:  224:	delete[] cache.front;
branch  0 taken 520 (fallthrough)
branch  1 taken 2
call    2 returned 520
      522:  225:	delete[] cache.back;
branch  0 taken 262 (fallthrough)
branch  1 taken 260
call    2 returned 262
        -:  226:
      522:  227:	id_manager.releaseID(id);
call    0 returned 522
      522:  228:}
        -:  229:
function _ZN22AudioCacheEventHandler11handleEventER10CacheEvent called 8060 returned 100% blocks executed 100%
     8060:  230:void AudioCacheEventHandler::handleEvent(CacheEvent& cache_event)
        -:  231:{
     8060:  232:	switch(cache_event.event_type)
branch  0 taken 7540
branch  1 taken 520
branch  2 taken 0
        -:  233:	{
     7540:  234:	case EventType::LoadNext:
     7540:  235:		handleLoadNextEvent(cache_event);
call    0 returned 7540
     7540:  236:		break;
      520:  237:	case EventType::Close:
      520:  238:		handleCloseEvent(cache_event);
call    0 returned 520
      520:  239:		break;
        -:  240:	}
     8060:  241:}
        -:  242:
function _ZN22AudioCacheEventHandler11thread_mainEv called 10 returned 100% blocks executed 90%
       10:  243:void AudioCacheEventHandler::thread_main()
        -:  244:{
       10:  245:	sem_run.post(); // Signal that the thread has been started
call    0 returned 10
        -:  246:
     4046:  247:	while(running)
branch  0 taken 4036
branch  1 taken 10 (fallthrough)
        -:  248:	{
     4036:  249:		sem.wait();
call    0 returned 4036
branch  1 taken 4036 (fallthrough)
branch  2 taken 0 (throw)
        -:  250:
     4036:  251:		mutex.lock();
call    0 returned 4036
branch  1 taken 4036 (fallthrough)
branch  2 taken 0 (throw)
     4036:  252:		if(eventqueue.empty())
call    0 returned 4036
branch  1 taken 6 (fallthrough)
branch  2 taken 4030
        -:  253:		{
        6:  254:			mutex.unlock();
call    0 returned 6
        6:  255:			continue;
        -:  256:		}
        -:  257:
     4030:  258:		CacheEvent cache_event = eventqueue.front();
call    0 returned 4030
call    1 returned 4030
branch  2 taken 4030 (fallthrough)
branch  3 taken 0 (throw)
     4030:  259:		eventqueue.pop_front();
call    0 returned 4030
     4030:  260:		mutex.unlock();
call    0 returned 4030
        -:  261:
     4030:  262:		handleEvent(cache_event);
call    0 returned 4030
branch  1 taken 4030 (fallthrough)
branch  2 taken 0 (throw)
     4030:  263:	}
call    0 returned 4030
call    1 never executed
       10:  264:}
        -:  265:
function _ZN22AudioCacheEventHandler9pushEventER10CacheEvent called 8064 returned 100% blocks executed 47%
     8064:  266:void AudioCacheEventHandler::pushEvent(CacheEvent& cache_event)
        -:  267:{
     8064:  268:	if(!threaded.load())
call    0 returned 8064
branch  1 taken 4030 (fallthrough)
branch  2 taken 4034
        -:  269:	{
     4030:  270:		handleEvent(cache_event);
call    0 returned 4030
     4030:  271:		return;
        -:  272:	}
        -:  273:
        -:  274:	{
     4034:  275:		std::lock_guard<std::mutex> lock(mutex);
call    0 returned 4034
branch  1 taken 4034 (fallthrough)
branch  2 taken 0 (throw)
        -:  276:
     4034:  277:		bool found = false;
        -:  278:
     4034:  279:		if(cache_event.event_type == EventType::LoadNext)
branch  0 taken 3772 (fallthrough)
branch  1 taken 262
        -:  280:		{
     4027:  281:			for(auto& queued_event : eventqueue)
call    0 returned 3772
call    1 returned 3772
call    2 returned 255
call    3 returned 255
call    4 returned 4027
branch  5 taken 255
branch  6 taken 3772 (fallthrough)
        -:  282:			{
      255:  283:				if(queued_event.event_type == EventType::LoadNext)
branch  0 taken 0 (fallthrough)
branch  1 taken 255
        -:  284:				{
        -:  285:
    #####:  286:					assert(cache_event.afile); // Assert that we have an audio file
branch  0 never executed (fallthrough)
branch  1 never executed
call    2 never executed
    #####:  287:					assert(queued_event.afile); // Assert that we have an audio file
branch  0 never executed (fallthrough)
branch  1 never executed
call    2 never executed
        -:  288:
    #####:  289:					if((cache_event.afile->getFilename() ==
call    0 never executed
    #####:  290:					    queued_event.afile->getFilename()) &&
call    0 never executed
branch  1 never executed (fallthrough)
branch  2 never executed (throw)
call    3 never executed
branch  4 never executed (fallthrough)
branch  5 never executed (throw)
branch  6 never executed (fallthrough)
branch  7 never executed
branch  8 never executed (fallthrough)
branch  9 never executed
    #####:  291:					   (cache_event.pos == queued_event.pos))
branch  0 never executed (fallthrough)
branch  1 never executed
        -:  292:					{
        -:  293:						// Append channel and buffer to the existing event.
    #####:  294:						queued_event.channels.insert(queued_event.channels.end(),
call    0 never executed
call    1 never executed
call    2 never executed
call    3 never executed
call    4 never executed
branch  5 never executed (fallthrough)
branch  6 never executed (throw)
        -:  295:						                             cache_event.channels.begin(),
        -:  296:						                             cache_event.channels.end());
    #####:  297:						found = true;
    #####:  298:						break;
        -:  299:					}
        -:  300:				}
        -:  301:			}
        -:  302:		}
        -:  303:
     4034:  304:		if(!found)
branch  0 taken 4034 (fallthrough)
branch  1 taken 0
        -:  305:		{
        -:  306:			// The event was not already on the list, create a new one.
     4034:  307:			eventqueue.push_back(cache_event);
call    0 returned 4034
branch  1 taken 4034 (fallthrough)
branch  2 taken 0 (throw)
        -:  308:		}
     4034:  309:	}
call    0 returned 4034
call    1 never executed
        -:  310:
     4034:  311:	sem.post();
call    0 returned 4034
        -:  312:}
