        -:    0:Source:/home/runner/work/TheDrumGizmoExp/TheDrumGizmoExp/src/audiocache.cc
        -:    0:Graph:build-cov/test/CMakeFiles/audiocache.dir/__/src/audiocache.cc.gcno
        -:    0:Data:build-cov/test/CMakeFiles/audiocache.dir/__/src/audiocache.cc.gcda
        -:    0:Runs:1
        -:    1:/* -*- Mode: C++; tab-width: 2; indent-tabs-mode: nil; c-basic-offset: 2 -*- */
        -:    2:/***************************************************************************
        -:    3: *            audiocache.cc
        -:    4: *
        -:    5: *  Fri Apr 10 10:39:24 CEST 2015
        -:    6: *  Copyright 2015 Jonas Suhr Christensen
        -:    7: *  jsc@umbraculum.org
        -:    8: ****************************************************************************/
        -:    9:
        -:   10:/*
        -:   11: *  This file is part of DrumGizmo.
        -:   12: *
        -:   13: *  DrumGizmo is free software; you can redistribute it and/or modify
        -:   14: *  it under the terms of the GNU Lesser General Public License as published by
        -:   15: *  the Free Software Foundation; either version 3 of the License, or
        -:   16: *  (at your option) any later version.
        -:   17: *
        -:   18: *  DrumGizmo is distributed in the hope that it will be useful,
        -:   19: *  but WITHOUT ANY WARRANTY; without even the implied warranty of
        -:   20: *  MERCHANTABILITY or FITNESS FOR A PARTICULAR PURPOSE.  See the
        -:   21: *  GNU Lesser General Public License for more details.
        -:   22: *
        -:   23: *  You should have received a copy of the GNU Lesser General Public License
        -:   24: *  along with DrumGizmo; if not, write to the Free Software
        -:   25: *  Foundation, Inc., 59 Temple Place, Suite 330, Boston, MA  02111-1307  USA.
        -:   26: */
        -:   27:#include "audiocache.h"
        -:   28:
        -:   29:#include <mutex>
        -:   30:
        -:   31:#include <stdio.h>
        -:   32:#include <assert.h>
        -:   33:
        -:   34:#include <hugin.hpp>
        -:   35:
        -:   36:#include "audiocachefile.h"
        -:   37:
function _ZN10AudioCacheC2ER8Settings called 10 returned 100% blocks executed 62%
       10:   38:AudioCache::AudioCache(Settings& settings)
       10:   39:	: settings(settings)
call    0 returned 10
call    1 returned 10
call    2 returned 10
branch  3 taken 10 (fallthrough)
branch  4 taken 0 (throw)
        -:   40:{
       10:   41:}
call    0 never executed
call    1 never executed
        -:   42:
function _ZN10AudioCacheD2Ev called 10 returned 100% blocks executed 100%
       10:   43:AudioCache::~AudioCache()
        -:   44:{
        -:   45:	DEBUG(cache, "~AudioCache() pre\n");
        -:   46:
       10:   47:	deinit();
call    0 returned 10
       10:   48:	delete[] nodata;
branch  0 taken 10 (fallthrough)
branch  1 taken 0
call    2 returned 10
        -:   49:
        -:   50:	DEBUG(cache, "~AudioCache() post\n");
       10:   51:}
call    0 returned 10
call    1 returned 10
call    2 returned 10
        -:   52:
function _ZN10AudioCache4initEm called 10 returned 100% blocks executed 100%
       10:   53:void AudioCache::init(std::size_t poolsize)
        -:   54:{
       10:   55:	setAsyncMode(true);
call    0 returned 10
        -:   56:
       10:   57:	id_manager.init(poolsize);
call    0 returned 10
       10:   58:	event_handler.start();
call    0 returned 10
       10:   59:}
        -:   60:
function _ZN10AudioCache6deinitEv called 12 returned 100% blocks executed 100%
       12:   61:void AudioCache::deinit()
        -:   62:{
       12:   63:	event_handler.stop();
call    0 returned 12
       12:   64:}
        -:   65:
        -:   66:// Invariant: initial_samples_needed < preloaded audio data
function _ZN10AudioCache4openERK9AudioFilemiRi called 523 returned 100% blocks executed 73%
      523:   67:sample_t* AudioCache::open(const AudioFile& file,
        -:   68:                           std::size_t initial_samples_needed,
        -:   69:                           int channel, cacheid_t& id)
        -:   70:{
     523*:   71:	assert(chunk_size); // Assert updateChunkSize was called before processing.
branch  0 taken 0 (fallthrough)
branch  1 taken 523
call    2 never executed
        -:   72:
      523:   73:	if(!file.isValid())
call    0 returned 523
branch  1 taken 0 (fallthrough)
branch  2 taken 523
        -:   74:	{
    #####:   75:		settings.number_of_underruns.fetch_add(1);
        -:   76:		// File preload not yet ready - skip this sample.
    #####:   77:		id = CACHE_DUMMYID;
    #####:   78:		assert(nodata);
branch  0 never executed (fallthrough)
branch  1 never executed
call    2 never executed
    #####:   79:		return nodata;
        -:   80:	}
        -:   81:
        -:   82:	// Register a new id for this cache session.
      523:   83:	id = id_manager.registerID({});
call    0 returned 523
call    1 returned 523
branch  2 taken 523 (fallthrough)
branch  3 taken 0 (throw)
        -:   84:
        -:   85:	// If we are out of available ids we get CACHE_DUMMYID
      523:   86:	if(id == CACHE_DUMMYID)
branch  0 taken 1 (fallthrough)
branch  1 taken 522
        -:   87:	{
        1:   88:		settings.number_of_underruns.fetch_add(1);
        -:   89:		// Use nodata buffer instead.
       1*:   90:		assert(nodata);
branch  0 taken 0 (fallthrough)
branch  1 taken 1
call    2 never executed
        1:   91:		return nodata;
        -:   92:	}
        -:   93:
        -:   94:	// Get the cache_t connected with the registered id.
      522:   95:	cache_t& c = id_manager.getCache(id);
call    0 returned 522
        -:   96:
      522:   97:	c.afile = nullptr; // File is opened when needed.
      522:   98:	c.channel = channel;
        -:   99:
        -:  100:	// Next call to 'next()' will read from this point.
      522:  101:	c.localpos = initial_samples_needed;
        -:  102:
      522:  103:	c.ready = false;
      522:  104:	c.front = nullptr; // This is allocated when needed.
      522:  105:	c.back = nullptr; // This is allocated when needed.
        -:  106:
        -:  107:	std::size_t cropped_size;
        -:  108:
      522:  109:	if(file.preloadedsize == file.size)
branch  0 taken 0 (fallthrough)
branch  1 taken 522
        -:  110:	{
        -:  111:		// We have preloaded the entire file, so use it.
    #####:  112:		cropped_size = file.preloadedsize;
        -:  113:	}
        -:  114:	else
        -:  115:	{
        -:  116:		// Make sure that the preload-data made available to the next() calls
        -:  117:		// fit on frame boundary:
        -:  118:		//
        -:  119:		// [                  all preloaded data                    ]
        -:  120:		// [ initial ][ biggest multiple of full frames ][ the rest ]
        -:  121:		// \                                            /
        -:  122:		//  \----------------------v-------------------/
        -:  123:		//                     cropped_size
        -:  124:
      522:  125:		cropped_size = file.preloadedsize - c.localpos;
      522:  126:		cropped_size -= cropped_size % framesize;
      522:  127:		cropped_size += initial_samples_needed;
        -:  128:	}
        -:  129:
      522:  130:	c.preloaded_samples = file.data;
      522:  131:	c.preloaded_samples_size = cropped_size;
        -:  132:
        -:  133:	// Next potential read from disk will read from this point.
      522:  134:	c.pos = cropped_size;
        -:  135:
        -:  136:	// Only load next buffer if there is more data in the file to be loaded...
      522:  137:	if(c.pos < file.size)
branch  0 taken 522 (fallthrough)
branch  1 taken 0
        -:  138:	{
      522:  139:		c.afile = &event_handler.openFile(file.filename);
call    0 returned 522
        -:  140:
      522:  141:		if(c.back == nullptr)
branch  0 taken 522 (fallthrough)
branch  1 taken 0
        -:  142:		{
     522*:  143:			c.back = new sample_t[chunk_size];
branch  0 taken 522 (fallthrough)
branch  1 taken 0
call    2 never executed
call    3 returned 522
        -:  144:		}
        -:  145:
      522:  146:		event_handler.pushLoadNextEvent(c.afile, c.channel, c.pos,
call    0 returned 522
        -:  147:		                                c.back, &c.ready);
        -:  148:	}
        -:  149:
      522:  150:	return c.preloaded_samples; // return preloaded data
        -:  151:}
        -:  152:
function _ZN10AudioCache4nextEiRm called 2938605 returned 100% blocks executed 67%
  2938605:  153:sample_t* AudioCache::next(cacheid_t id, std::size_t& size)
        -:  154:{
  2938605:  155:	if(id == CACHE_DUMMYID)
branch  0 taken 0 (fallthrough)
branch  1 taken 2938605
        -:  156:	{
    #####:  157:		settings.number_of_underruns.fetch_add(1);
    #####:  158:		assert(nodata);
branch  0 never executed (fallthrough)
branch  1 never executed
call    2 never executed
    #####:  159:		return nodata;
        -:  160:	}
        -:  161:
  2938605:  162:	cache_t& c = id_manager.getCache(id);
call    0 returned 2938605
        -:  163:
  2938605:  164:	if(c.preloaded_samples)
branch  0 taken 33289 (fallthrough)
branch  1 taken 2905316
        -:  165:	{
        -:  166:		// We are playing from memory:
    33289:  167:		if(c.localpos < c.preloaded_samples_size)
branch  0 taken 32768 (fallthrough)
branch  1 taken 521
        -:  168:		{
    32768:  169:			sample_t* s = c.preloaded_samples + c.localpos;
        -:  170:			// If only a partial frame is returned. Reflect this in the size
    32768:  171:			size = std::min(size, c.preloaded_samples_size - c.localpos);
call    0 returned 32768
        -:  172:
    32768:  173:			c.localpos += size;
    32768:  174:			return s;
        -:  175:		}
        -:  176:
      521:  177:		c.preloaded_samples = nullptr; // Start using samples from disk.
        -:  178:
        -:  179:	}
        -:  180:	else
        -:  181:	{
        -:  182:		// We are playing from cache:
  2905316:  183:		if(c.localpos < chunk_size)
branch  0 taken 2898296 (fallthrough)
branch  1 taken 7020
        -:  184:		{
  2898296:  185:			if(c.front == nullptr)
branch  0 taken 0 (fallthrough)
branch  1 taken 2898296
        -:  186:			{
        -:  187:				// Just return silence.
    #####:  188:				settings.number_of_underruns.fetch_add(1);
    #####:  189:				c.localpos += size; // Skip these samples so we don't loose sync.
    #####:  190:				assert(nodata);
branch  0 never executed (fallthrough)
branch  1 never executed
call    2 never executed
    #####:  191:				return nodata;
        -:  192:			}
        -:  193:
  2898296:  194:			sample_t* s = c.front + c.localpos;
        -:  195:			// If only a partial frame is returned. Reflect this in the size
  2898296:  196:			size = std::min(size, chunk_size - c.localpos);
call    0 returned 2898296
  2898296:  197:			c.localpos += size;
  2898296:  198:			return s;
        -:  199:		}
        -:  200:	}
        -:  201:
        -:  202:	// Check for buffer underrun
     7541:  203:	if(!c.ready)
branch  0 taken 1 (fallthrough)
branch  1 taken 7540
        -:  204:	{
        -:  205:		// Just return silence.
        1:  206:		settings.number_of_underruns.fetch_add(1);
        1:  207:		c.localpos += size; // Skip these samples so we don't loose sync.
       1*:  208:		assert(nodata);
branch  0 taken 0 (fallthrough)
branch  1 taken 1
call    2 never executed
        1:  209:		return nodata;
        -:  210:	}
        -:  211:
        -:  212:	// Swap buffers
     7540:  213:	std::swap(c.front, c.back);
call    0 returned 7540
        -:  214:
        -:  215:	// Next time we go here we have already read the first frame.
     7540:  216:	c.localpos = size;
        -:  217:
     7540:  218:	c.pos += chunk_size;
        -:  219:
        -:  220:	// Does the file have remaining unread samples?
    7540*:  221:	assert(c.afile); // Assert that we have an audio file.
branch  0 taken 0 (fallthrough)
branch  1 taken 7540
call    2 never executed
     7540:  222:	if(c.pos < c.afile->getSize())
call    0 returned 7540
branch  1 taken 7020 (fallthrough)
branch  2 taken 520
        -:  223:	{
        -:  224:		// Do we have a back buffer to read into?
     7020:  225:		if(c.back == nullptr)
branch  0 taken 260 (fallthrough)
branch  1 taken 6760
        -:  226:		{
     260*:  227:			c.back = new sample_t[chunk_size];
branch  0 taken 260 (fallthrough)
branch  1 taken 0
call    2 never executed
call    3 returned 260
        -:  228:		}
        -:  229:
     7020:  230:		event_handler.pushLoadNextEvent(c.afile, c.channel, c.pos,
call    0 returned 7020
        -:  231:		                                c.back, &c.ready);
        -:  232:	}
        -:  233:
        -:  234:	// We should always have a front buffer at this point.
    7540*:  235:	assert(c.front);
branch  0 taken 0 (fallthrough)
branch  1 taken 7540
call    2 never executed
     7540:  236:	return c.front;
        -:  237:}
        -:  238:
function _ZN10AudioCache7isReadyEi called 1475059 returned 100% blocks executed 80%
  1475059:  239:bool AudioCache::isReady(cacheid_t id)
        -:  240:{
  1475059:  241:	if(id == CACHE_DUMMYID)
branch  0 taken 0 (fallthrough)
branch  1 taken 1475059
        -:  242:	{
    #####:  243:		return true;
        -:  244:	}
        -:  245:
  1475059:  246:	cache_t& cache = id_manager.getCache(id);
call    0 returned 1475059
  1475059:  247:	return cache.ready;
        -:  248:}
        -:  249:
function _ZN10AudioCache5closeEi called 522 returned 100% blocks executed 75%
      522:  250:void AudioCache::close(cacheid_t id)
        -:  251:{
      522:  252:	if(id == CACHE_DUMMYID)
branch  0 taken 0 (fallthrough)
branch  1 taken 522
        -:  253:	{
    #####:  254:		return;
        -:  255:	}
        -:  256:
      522:  257:	event_handler.pushCloseEvent(id);
call    0 returned 522
        -:  258:}
        -:  259:
function _ZN10AudioCache12setFrameSizeEm called 10 returned 100% blocks executed 71%
       10:  260:void AudioCache::setFrameSize(std::size_t framesize)
        -:  261:{
        -:  262:	// Make sure the event handler thread is stalled while we set the framesize
        -:  263:	// state.
       10:  264:	std::lock_guard<AudioCacheEventHandler> event_handler_lock(event_handler);
call    0 returned 10
branch  1 taken 10 (fallthrough)
branch  2 taken 0 (throw)
        -:  265:
        -:  266:	// NOTE: Not threaded...
        -:  267:	//std::lock_guard<AudioCacheIDManager> id_manager_lock(id_manager);
        -:  268:
       10:  269:	if(framesize > nodata_framesize)
branch  0 taken 10 (fallthrough)
branch  1 taken 0
        -:  270:	{
       10:  271:		if(nodata)
branch  0 taken 0 (fallthrough)
branch  1 taken 10
        -:  272:		{
    #####:  273:			nodata_dirty.emplace_back(std::move(nodata)); // Store for later deletion.
call    0 never executed
call    1 never executed
branch  2 never executed (fallthrough)
branch  3 never executed (throw)
        -:  274:		}
      10*:  275:		nodata = new sample_t[framesize];
branch  0 taken 10 (fallthrough)
branch  1 taken 0
call    2 never executed
call    3 returned 10
branch  4 taken 10 (fallthrough)
branch  5 taken 0 (throw)
       10:  276:		nodata_framesize = framesize;
        -:  277:
      650:  278:		for(std::size_t i = 0; i < framesize; ++i)
branch  0 taken 640
branch  1 taken 10 (fallthrough)
        -:  279:		{
      640:  280:			nodata[i] = 0.0f;
        -:  281:		}
        -:  282:	}
        -:  283:
       10:  284:	this->framesize = framesize;
       10:  285:}
call    0 returned 10
call    1 never executed
        -:  286:
function _ZNK10AudioCache12getFrameSizeEv called 0 returned 0% blocks executed 0%
    #####:  287:std::size_t AudioCache::getFrameSize() const
        -:  288:{
    #####:  289:	return framesize;
        -:  290:}
        -:  291:
function _ZN10AudioCache15updateChunkSizeEm called 11 returned 100% blocks executed 71%
       11:  292:void AudioCache::updateChunkSize(std::size_t output_channels)
        -:  293:{
        -:  294:	// Make sure we won't get out-of-range chunk sizes.
        -:  295:	std::size_t disk_cache_chunk_size =
       22:  296:		std::max(settings.disk_cache_chunk_size.load(), std::size_t(512u * 1024u));
call    0 returned 11
call    1 returned 11
       11:  297:	output_channels = std::max(output_channels, std::size_t(1u));
call    0 returned 11
        -:  298:
        -:  299:	// 1MB pr. chunk divided over 16 channels, 4 bytes pr. sample.
       11:  300:	const auto ideal_chunk_size =
       11:  301:		disk_cache_chunk_size / output_channels / sizeof(sample_t);
        -:  302:
        -:  303:	// Chunk size must match a whole number of frames.
       11:  304:	chunk_size = (ideal_chunk_size / framesize) * framesize;
        -:  305:
       11:  306:	event_handler.setChunkSize(chunk_size);
call    0 returned 11
       11:  307:}
        -:  308:
function _ZN10AudioCache12setAsyncModeEb called 20 returned 100% blocks executed 100%
       20:  309:void AudioCache::setAsyncMode(bool async)
        -:  310:{
       20:  311:	event_handler.setThreaded(async);
call    0 returned 20
       20:  312:}
        -:  313:
function _ZNK10AudioCache11isAsyncModeEv called 0 returned 0% blocks executed 0%
    #####:  314:bool AudioCache::isAsyncMode() const
        -:  315:{
    #####:  316:	return event_handler.isThreaded();
call    0 never executed
        -:  317:}
