        -:    0:Source:/home/runner/work/TheDrumGizmoExp/TheDrumGizmoExp/src/audiocacheidmanager.h
        -:    0:Graph:build-coverage/test/CMakeFiles/audiocache.dir/__/src/audiocache.cc.gcno
        -:    0:Data:build-coverage/test/CMakeFiles/audiocache.dir/__/src/audiocache.cc.gcda
        -:    0:Runs:1
        -:    1:/* -*- Mode: C++; tab-width: 2; indent-tabs-mode: nil; c-basic-offset: 2 -*- */
        -:    2:/***************************************************************************
        -:    3: *            audiocacheidmanager.h
        -:    4: *
        -:    5: *  Tue Jan  5 10:59:37 CET 2016
        -:    6: *  Copyright 2016 Bent Bisballe Nyeng
        -:    7: *  deva@aasimon.org
        -:    8: ****************************************************************************/
        -:    9:
        -:   10:/*
        -:   11: *  This file is part of DrumGizmo.
        -:   12: *
        -:   13: *  DrumGizmo is free software; you can redistribute it and/or modify
        -:   14: *  it under the terms of the GNU Lesser General Public License as published by
        -:   15: *  the Free Software Foundation; either version 3 of the License, or
        -:   16: *  (at your option) any later version.
        -:   17: *
        -:   18: *  DrumGizmo is distributed in the hope that it will be useful,
        -:   19: *  but WITHOUT ANY WARRANTY; without even the implied warranty of
        -:   20: *  MERCHANTABILITY or FITNESS FOR A PARTICULAR PURPOSE.  See the
        -:   21: *  GNU Lesser General Public License for more details.
        -:   22: *
        -:   23: *  You should have received a copy of the GNU Lesser General Public License
        -:   24: *  along with DrumGizmo; if not, write to the Free Software
        -:   25: *  Foundation, Inc., 59 Temple Place, Suite 330, Boston, MA  02111-1307  USA.
        -:   26: */
        -:   27:#pragma once
        -:   28:
        -:   29:#include <stdlib.h>
        -:   30:
        -:   31:#include <vector>
        -:   32:
        -:   33:#include <audiotypes.h>
        -:   34:
        -:   35:#include <mutex>
        -:   36:
        -:   37:class AudioCacheFile;
        -:   38:
        -:   39:#define CACHE_DUMMYID -2
        -:   40:#define CACHE_NOID -1
        -:   41:
        -:   42:typedef int cacheid_t;
        -:   43:
        -:   44:struct cache_t
        -:   45:{
        -:   46:	cacheid_t id{CACHE_NOID}; //< Current id of this cache_t. CACHE_NOID means not in use.
        -:   47:
        -:   48:	AudioCacheFile* afile{nullptr};
        -:   49:	size_t channel{0};
        -:   50:	size_t pos{0}; //< File position
        -:   51:	volatile bool ready{false};
        -:   52:	sample_t* front{nullptr};
        -:   53:	sample_t* back{nullptr};
        -:   54:	size_t localpos{0}; //< Intra buffer (front) position.
        -:   55:
        -:   56:	sample_t* preloaded_samples{nullptr}; // nullptr means preload buffer not active.
        -:   57:	size_t preloaded_samples_size{0};
        -:   58:};
        -:   59:
        -:   60:class AudioCacheIDManager
        -:   61:{
        -:   62:	friend class AudioCacheEventHandler;
        -:   63:public:
function _ZN19AudioCacheIDManagerC2Ev called 10 returned 100% blocks executed 100%
       10:   64:	AudioCacheIDManager() = default;
call    0 returned 10
call    1 returned 10
call    2 returned 10
        -:   65:	~AudioCacheIDManager();
        -:   66:
        -:   67:	//! Initialise id lists with specified capacity.
        -:   68:	//! Exceeding this capacity will result in CACHE_DUMMYID on calls to
        -:   69:	//! registerID.
        -:   70:	void init(unsigned int capacity);
        -:   71:
        -:   72:	//! Get the cache object connected with the specified cacheid.
        -:   73:	//! Note: The cacheid MUST be active.
        -:   74:	cache_t& getCache(cacheid_t id);
        -:   75:
        -:   76:	//! Reserve a new cache object and return its cacheid.
        -:   77:	//! The contents of the supplied cache object will be copied to the new
        -:   78:	//! cache object.
        -:   79:	cacheid_t registerID(const cache_t& cache);
        -:   80:
        -:   81:	//! Release a cache object and its correseponding cacheid.
        -:   82:	//! After this call the cacheid can no longer be used.
        -:   83:	void releaseID(cacheid_t id);
        -:   84:
        -:   85:protected:
        -:   86:	// For AudioCacheEventHandler
        -:   87:	void disableActive();
        -:   88:	std::vector<cacheid_t> getActiveIDs();
        -:   89:
        -:   90:	std::mutex mutex;
        -:   91:
        -:   92:	std::vector<cache_t> id2cache;
        -:   93:	std::vector<cacheid_t> available_ids;
        -:   94:};
